#
# A fatal error has been detected by the Java Runtime Environment:
#
#  SIGSEGV (0xb) at pc=0x000000010124c594, pid=88051, tid=0x0000000000004207
#
# JRE version: Java(TM) SE Runtime Environment (8.0_101-b13) (build 1.8.0_101-b13)
# Java VM: Java HotSpot(TM) 64-Bit Server VM (25.101-b13 mixed mode bsd-amd64 compressed oops)
# Problematic frame:
# V  [libjvm.dylib+0x44c594]  Method::checked_resolve_jmethod_id(_jmethodID*)+0xe
#
# Failed to write core dump. Core dumps have been disabled. To enable core dumping, try "ulimit -c unlimited" before starting Java again
#
# If you would like to submit a bug report, please visit:
#   http://bugreport.java.com/bugreport/crash.jsp
#

---------------  T H R E A D  ---------------

Current thread (0x00007fac81001000):  JavaThread "JDWP Transport Listener: dt_socket" daemon [_thread_in_vm, id=16903, stack(0x000070000e5f2000,0x000070000e6f2000)]

siginfo: si_signo: 11 (SIGSEGV), si_code: 0 (unknown), si_addr: 0x0000000000000000

Registers:
RAX=0x0000000000000001, RBX=0x000070000e6f1a8b, RCX=0x000000010161f360, RDX=0x000070000e6f1a8b
RSP=0x000070000e6f19d0, RBP=0x000070000e6f19e0, RSI=0x00007fac81001000, RDI=0x616c50646165000e
R8 =0x0000000000000000, R9 =0x00007fac7fc2bb00, R10=0x000007fac7fc2c59, R11=0x0000000000000001
R12=0x00007fac81001000, R13=0x616c50646165000e, R14=0x616c50646165000e, R15=0x00007fac7fe00f30
RIP=0x000000010124c594, EFLAGS=0x0000000000010202, ERR=0x0000000000000000
  TRAPNO=0x000000000000000d

Top of Stack: (sp=0x000070000e6f19d0)
0x000070000e6f19d0:   000070000e6f1a8b 000070000e6f1a8b
0x000070000e6f19e0:   000070000e6f1a40 00000001011580d2
0x000070000e6f19f0:   00007fac81001000 0000000000000000
0x000070000e6f1a00:   0000000000000000 0000000000000000
0x000070000e6f1a10:   00007fac81001000 00007fac81001000
0x000070000e6f1a20:   000070000e6f1a8b 000070000e6f1a90
0x000070000e6f1a30:   616c50646165000e 0000000000000004
0x000070000e6f1a40:   000070000e6f1a60 0000000101df2780
0x000070000e6f1a50:   0000000000000001 000070000e6f1b08
0x000070000e6f1a60:   000070000e6f1ad0 0000000101dd71f3
0x000070000e6f1a70:   000070000e6f1aa0 00007fac7fc2e690
0x000070000e6f1a80:   0000000500000032 00000001006f1b08
0x000070000e6f1a90:   0000000000000000 0000000000000000
0x000070000e6f1aa0:   0000000000000000 000070000e6f1c90
0x000070000e6f1ab0:   0000000101df9e7a 00007fac7fc287b0
0x000070000e6f1ac0:   000070000e6f1b08 0000000101e05598
0x000070000e6f1ad0:   000070000e6f1ae0 0000000101dd72ec
0x000070000e6f1ae0:   000070000e6f1d00 0000000101de0898
0x000070000e6f1af0:   0008ac9800000013 00000000000f0200
0x000070000e6f1b00:   00007fac7fc0f700 000070000e6f1c12
0x000070000e6f1b10:   00007fac00000072 000070000e6f1b20
0x000070000e6f1b20:   00007fac000000ba 000070000e6f1b58
0x000070000e6f1b30:   0000000000000000 0000000000000000
0x000070000e6f1b40:   0008ac980000000f 0000000000000080
0x000070000e6f1b50:   000070000e6f1b58 ac7f000005000000
0x000070000e6f1b60:   080000000057c17f 6c6f6f5074736574
0x000070000e6f1b70:   0056292803000000 0001000000000000
0x000070000e6f1b80:   0020e7d37fac7f00 64626d616c110000
0x000070000e6f1b90:   6f50747365742461 2000000030246c6f
0x000070000e6f1ba0:   752f6176616a4c28 636e6f632f6c6974
0x000070000e6f1bb0:   462f746e65727275 56293b6572757475
0x000070000e6f1bc0:   0a1000f000000000 f056c17fac7f0000 

Instructions: (pc=0x000000010124c594)
0x000000010124c574:   40 48 48 85 c0 75 e0 30 c0 0f b6 c0 5d c3 31 c0
0x000000010124c584:   5d c3 55 48 89 e5 53 48 83 ec 08 48 85 ff 74 24
0x000000010124c594:   48 8b 1f 48 85 db 74 1c 48 83 fb 37 74 16 48 8b
0x000000010124c5a4:   03 48 89 df ff 50 10 84 c0 b8 00 00 00 00 48 0f 

Register to memory mapping:

RAX=0x0000000000000001 is an unknown value
RBX=0x000070000e6f1a8b is pointing into the stack for thread: 0x00007fac81001000
RCX=0x000000010161f360: UseMembar+0 in /Library/Java/JavaVirtualMachines/jdk1.8.0_101.jdk/Contents/Home/jre/lib/server/libjvm.dylib at 0x0000000100e00000
RDX=0x000070000e6f1a8b is pointing into the stack for thread: 0x00007fac81001000
RSP=0x000070000e6f19d0 is pointing into the stack for thread: 0x00007fac81001000
RBP=0x000070000e6f19e0 is pointing into the stack for thread: 0x00007fac81001000
RSI=0x00007fac81001000 is a thread
RDI=0x616c50646165000e is an unknown value
R8 =0x0000000000000000 is an unknown value
R9 =0x00007fac7fc2bb00 is an unknown value
R10=0x000007fac7fc2c59 is an unknown value
R11=0x0000000000000001 is an unknown value
R12=0x00007fac81001000 is a thread
R13=0x616c50646165000e is an unknown value
R14=0x616c50646165000e is an unknown value
R15=0x00007fac7fe00f30 is an unknown value


Stack: [0x000070000e5f2000,0x000070000e6f2000],  sp=0x000070000e6f19d0,  free space=1022k
Native frames: (J=compiled Java code, j=interpreted, Vv=VM code, C=native code)
V  [libjvm.dylib+0x44c594]  Method::checked_resolve_jmethod_id(_jmethodID*)+0xe
V  [libjvm.dylib+0x3580d2]  jvmti_IsMethodSynthetic+0xb2
C  [libjdwp.dylib+0x20780]  isMethodSynthetic+0x63
C  [libjdwp.dylib+0x51f3]  methods1+0x10b
C  [libjdwp.dylib+0x52ec]  methodsWithGeneric+0xe
C  [libjdwp.dylib+0xe898]  debugLoop_run+0x1ce
C  [libjdwp.dylib+0x1f6ba]  attachThread+0x4d
V  [libjvm.dylib+0x399438]  JvmtiAgentThread::call_start_function()+0x38
V  [libjvm.dylib+0x5695ab]  JavaThread::thread_main_inner()+0x9b
V  [libjvm.dylib+0x56ac98]  JavaThread::run()+0x1c2
V  [libjvm.dylib+0x48933a]  java_start(Thread*)+0xf6
C  [libsystem_pthread.dylib+0x36c1]  _pthread_body+0x154
C  [libsystem_pthread.dylib+0x356d]  _pthread_body+0x0
C  [libsystem_pthread.dylib+0x2c5d]  thread_start+0xd
C  0x0000000000000000


---------------  P R O C E S S  ---------------

Java Threads: ( => current thread )
  0x00007fac81849000 JavaThread "pool-1-thread-6" [_thread_blocked, id=22787, stack(0x000070000f216000,0x000070000f316000)]
  0x00007fac801ac000 JavaThread "pool-1-thread-5" [_thread_blocked, id=22275, stack(0x000070000f113000,0x000070000f213000)]
  0x00007fac81112000 JavaThread "pool-1-thread-4" [_thread_blocked, id=21763, stack(0x000070000f010000,0x000070000f110000)]
  0x00007fac80898800 JavaThread "pool-1-thread-3" [_thread_blocked, id=4871, stack(0x000070000ef0d000,0x000070000f00d000)]
  0x00007fac8110d000 JavaThread "pool-1-thread-2" [_thread_blocked, id=3847, stack(0x000070000db4e000,0x000070000dc4e000)]
  0x00007fac8012d800 JavaThread "pool-1-thread-1" [_thread_blocked, id=20995, stack(0x000070000ee0a000,0x000070000ef0a000)]
  0x00007fac81848000 JavaThread "Service Thread" daemon [_thread_blocked, id=19971, stack(0x000070000ec04000,0x000070000ed04000)]
  0x00007fac81825000 JavaThread "C1 CompilerThread2" daemon [_thread_blocked, id=19459, stack(0x000070000eb01000,0x000070000ec01000)]
  0x00007fac8087a000 JavaThread "C2 CompilerThread1" daemon [_thread_blocked, id=18947, stack(0x000070000e9fe000,0x000070000eafe000)]
  0x00007fac80875800 JavaThread "C2 CompilerThread0" daemon [_thread_blocked, id=18435, stack(0x000070000e8fb000,0x000070000e9fb000)]
  0x00007fac80876800 JavaThread "JDWP Command Reader" daemon [_thread_in_native, id=17923, stack(0x000070000e7f8000,0x000070000e8f8000)]
  0x00007fac81012800 JavaThread "JDWP Event Helper Thread" daemon [_thread_blocked, id=17411, stack(0x000070000e6f5000,0x000070000e7f5000)]
=>0x00007fac81001000 JavaThread "JDWP Transport Listener: dt_socket" daemon [_thread_in_vm, id=16903, stack(0x000070000e5f2000,0x000070000e6f2000)]
  0x00007fac80868000 JavaThread "Signal Dispatcher" daemon [_thread_blocked, id=16395, stack(0x000070000e4ef000,0x000070000e5ef000)]
  0x00007fac81807800 JavaThread "Finalizer" daemon [_thread_blocked, id=13059, stack(0x000070000e3ec000,0x000070000e4ec000)]
  0x00007fac8001e800 JavaThread "Reference Handler" daemon [_thread_blocked, id=12547, stack(0x000070000e2e9000,0x000070000e3e9000)]
  0x00007fac80012800 JavaThread "main" [_thread_blocked, id=6915, stack(0x000070000dcd7000,0x000070000ddd7000)]

Other Threads:
  0x00007fac81805000 VMThread [stack: 0x000070000e1e6000,0x000070000e2e6000] [id=12035]
  0x00007fac8001f800 WatcherThread [stack: 0x000070000ed07000,0x000070000ee07000] [id=20483]

VM state:not at safepoint (normal execution)

VM Mutex/Monitor currently owned by a thread: None

Heap:
 PSYoungGen      total 38400K, used 13947K [0x0000000795580000, 0x0000000798000000, 0x00000007c0000000)
  eden space 33280K, 41% used [0x0000000795580000,0x000000079631ee48,0x0000000797600000)
  from space 5120K, 0% used [0x0000000797b00000,0x0000000797b00000,0x0000000798000000)
  to   space 5120K, 0% used [0x0000000797600000,0x0000000797600000,0x0000000797b00000)
 ParOldGen       total 87552K, used 0K [0x0000000740000000, 0x0000000745580000, 0x0000000795580000)
  object space 87552K, 0% used [0x0000000740000000,0x0000000740000000,0x0000000745580000)
 Metaspace       used 4836K, capacity 5158K, committed 5248K, reserved 1056768K
  class space    used 567K, capacity 593K, committed 640K, reserved 1048576K

Card table byte_map: [0x000000010221d000,0x000000010261e000] byte_map_base: 0x00000000fe81d000

Marking Bits: (ParMarkBitMap*) 0x00000001016edd20
 Begin Bits: [0x0000000114864000, 0x0000000116864000)
 End Bits:   [0x0000000116864000, 0x0000000118864000)

Polling page: 0x00000001005e5000

CodeCache: size=245760Kb used=1912Kb max_used=1923Kb free=243847Kb
 bounds [0x0000000105864000, 0x0000000105ad4000, 0x0000000114864000]
 total_blobs=554 nmethods=302 adapters=174
 compilation: enabled

Compilation events (10 events):
Event: 0.557 Thread 0x00007fac81825000  299  s!   3       java.net.URLStreamHandler::getHostAddress (54 bytes)
Event: 0.557 Thread 0x00007fac8087a000 nmethod 268 0x0000000105a3ba90 code [0x0000000105a3bbc0, 0x0000000105a3bc38]
Event: 0.557 Thread 0x00007fac81825000 nmethod 299 0x0000000105a3a310 code [0x0000000105a3a4c0, 0x0000000105a3ab98]
Event: 0.557 Thread 0x00007fac81825000  298       3       java.util.jar.Attributes::get (11 bytes)
Event: 0.557 Thread 0x00007fac81825000 nmethod 298 0x0000000105a39e90 code [0x0000000105a3a000, 0x0000000105a3a228]
Event: 0.557 Thread 0x00007fac81825000  300       3       java.lang.StringBuffer::<init> (6 bytes)
Event: 0.557 Thread 0x00007fac81825000 nmethod 300 0x0000000105a3e3d0 code [0x0000000105a3e540, 0x0000000105a3e7f0]
Event: 0.560 Thread 0x00007fac80875800 nmethod 279 0x0000000105a44c10 code [0x0000000105a44e40, 0x0000000105a45db0]
Event: 17.373 Thread 0x00007fac81825000  301       1       java.lang.reflect.Field::getName (5 bytes)
Event: 17.373 Thread 0x00007fac81825000 nmethod 301 0x0000000105a44110 code [0x0000000105a44260, 0x0000000105a44370]

GC Heap History (0 events):
No events

Deoptimization events (0 events):
No events

Internal exceptions (7 events):
Event: 0.035 Thread 0x00007fac80012800 Exception <a 'java/lang/NoSuchMethodError': Method sun.misc.Unsafe.defineClass(Ljava/lang/String;[BII)Ljava/lang/Class; name or signature does not match> (0x0000000795587cc0) thrown at [/HUDSON3/workspace/8-2-build-macosx-x86_64/jdk8u101/7261/hotspot/src/
Event: 0.035 Thread 0x00007fac80012800 Exception <a 'java/lang/NoSuchMethodError': Method sun.misc.Unsafe.prefetchRead(Ljava/lang/Object;J)V name or signature does not match> (0x0000000795587fa8) thrown at [/HUDSON3/workspace/8-2-build-macosx-x86_64/jdk8u101/7261/hotspot/src/share/vm/prims/jni
Event: 0.292 Thread 0x00007fac80012800 Exception <a 'java/io/FileNotFoundException'> (0x0000000795977720) thrown at [/HUDSON3/workspace/8-2-build-macosx-x86_64/jdk8u101/7261/hotspot/src/share/vm/prims/jni.cpp, line 709]
Event: 0.312 Thread 0x00007fac80012800 Exception <a 'java/security/PrivilegedActionException'> (0x00000007959be1b0) thrown at [/HUDSON3/workspace/8-2-build-macosx-x86_64/jdk8u101/7261/hotspot/src/share/vm/prims/jvm.cpp, line 1386]
Event: 0.312 Thread 0x00007fac80012800 Exception <a 'java/security/PrivilegedActionException'> (0x00000007959be3c0) thrown at [/HUDSON3/workspace/8-2-build-macosx-x86_64/jdk8u101/7261/hotspot/src/share/vm/prims/jvm.cpp, line 1386]
Event: 0.314 Thread 0x00007fac80012800 Exception <a 'java/security/PrivilegedActionException'> (0x00000007959c16c8) thrown at [/HUDSON3/workspace/8-2-build-macosx-x86_64/jdk8u101/7261/hotspot/src/share/vm/prims/jvm.cpp, line 1386]
Event: 0.314 Thread 0x00007fac80012800 Exception <a 'java/security/PrivilegedActionException'> (0x00000007959c18d8) thrown at [/HUDSON3/workspace/8-2-build-macosx-x86_64/jdk8u101/7261/hotspot/src/share/vm/prims/jvm.cpp, line 1386]

Events (10 events):
Event: 235.134 Executing VM operation: ChangeBreakpoints
Event: 235.134 Executing VM operation: ChangeBreakpoints done
Event: 235.135 Executing VM operation: ChangeBreakpoints
Event: 235.135 Executing VM operation: ChangeBreakpoints done
Event: 235.136 Executing VM operation: ChangeBreakpoints
Event: 235.136 Executing VM operation: ChangeBreakpoints done
Event: 235.137 Executing VM operation: RedefineClasses
Event: 235.139 Executing VM operation: RedefineClasses done
Event: 235.140 Executing VM operation: GetOrSetLocal
Event: 235.140 Executing VM operation: GetOrSetLocal done


Dynamic libraries:
0x000000002b7ba000 	/System/Library/Frameworks/Cocoa.framework/Versions/A/Cocoa
0x000000002b7ba000 	/System/Library/Frameworks/Security.framework/Versions/A/Security
0x000000002b7ba000 	/System/Library/Frameworks/ApplicationServices.framework/Versions/A/ApplicationServices
0x000000002b7ba000 	/usr/lib/libz.1.dylib
0x000000002b7ba000 	/usr/lib/libSystem.B.dylib
0x000000002b7ba000 	/usr/lib/libobjc.A.dylib
0x000000002b7ba000 	/System/Library/Frameworks/CoreFoundation.framework/Versions/A/CoreFoundation
0x000000002b7ba000 	/System/Library/Frameworks/Foundation.framework/Versions/C/Foundation
0x000000002b7ba000 	/System/Library/Frameworks/AppKit.framework/Versions/C/AppKit
0x000000002b7ba000 	/System/Library/Frameworks/CoreData.framework/Versions/A/CoreData
0x000000002b7ba000 	/System/Library/PrivateFrameworks/RemoteViewServices.framework/Versions/A/RemoteViewServices
0x000000002b7ba000 	/System/Library/PrivateFrameworks/UIFoundation.framework/Versions/A/UIFoundation
0x000000002b7ba000 	/System/Library/PrivateFrameworks/DFRFoundation.framework/Versions/A/DFRFoundation
0x000000002b7ba000 	/System/Library/Frameworks/Metal.framework/Versions/A/Metal
0x000000002b7ba000 	/System/Library/PrivateFrameworks/DesktopServicesPriv.framework/Versions/A/DesktopServicesPriv
0x000000002b7ba000 	/usr/lib/libenergytrace.dylib
0x000000002b7ba000 	/System/Library/PrivateFrameworks/SkyLight.framework/Versions/A/SkyLight
0x000000002b7ba000 	/System/Library/Frameworks/CoreGraphics.framework/Versions/A/CoreGraphics
0x000000002b7ba000 	/usr/lib/libScreenReader.dylib
0x000000002b7ba000 	/System/Library/Frameworks/Accelerate.framework/Versions/A/Accelerate
0x000000002b7ba000 	/System/Library/Frameworks/IOSurface.framework/Versions/A/IOSurface
0x000000002b7ba000 	/System/Library/Frameworks/AudioToolbox.framework/Versions/A/AudioToolbox
0x000000002b7ba000 	/System/Library/Frameworks/AudioUnit.framework/Versions/A/AudioUnit
0x000000002b7ba000 	/System/Library/PrivateFrameworks/DataDetectorsCore.framework/Versions/A/DataDetectorsCore
0x000000002b7ba000 	/System/Library/Frameworks/Carbon.framework/Versions/A/Frameworks/HIToolbox.framework/Versions/A/HIToolbox
0x000000002b7ba000 	/usr/lib/libicucore.A.dylib
0x000000002b7ba000 	/System/Library/Frameworks/QuartzCore.framework/Versions/A/QuartzCore
0x000000002b7ba000 	/System/Library/Frameworks/Carbon.framework/Versions/A/Frameworks/SpeechRecognition.framework/Versions/A/SpeechRecognition
0x000000002b7ba000 	/usr/lib/libauto.dylib
0x000000002b7ba000 	/usr/lib/libxml2.2.dylib
0x000000002b7ba000 	/System/Library/PrivateFrameworks/CoreUI.framework/Versions/A/CoreUI
0x000000002b7ba000 	/System/Library/Frameworks/CoreAudio.framework/Versions/A/CoreAudio
0x000000002b7ba000 	/System/Library/Frameworks/DiskArbitration.framework/Versions/A/DiskArbitration
0x000000002b7ba000 	/usr/lib/liblangid.dylib
0x000000002b7ba000 	/System/Library/PrivateFrameworks/MultitouchSupport.framework/Versions/A/MultitouchSupport
0x000000002b7ba000 	/System/Library/Frameworks/IOKit.framework/Versions/A/IOKit
0x000000002b7ba000 	/usr/lib/libDiagnosticMessagesClient.dylib
0x000000002b7ba000 	/System/Library/Frameworks/CoreServices.framework/Versions/A/CoreServices
0x000000002b7ba000 	/System/Library/PrivateFrameworks/PerformanceAnalysis.framework/Versions/A/PerformanceAnalysis
0x000000002b7ba000 	/System/Library/Frameworks/OpenGL.framework/Versions/A/OpenGL
0x000000002b7ba000 	/System/Library/Frameworks/ColorSync.framework/Versions/A/ColorSync
0x000000002b7ba000 	/System/Library/Frameworks/CoreImage.framework/Versions/A/CoreImage
0x000000002b7ba000 	/System/Library/Frameworks/CoreText.framework/Versions/A/CoreText
0x000000002b7ba000 	/System/Library/Frameworks/ImageIO.framework/Versions/A/ImageIO
0x000000002b7ba000 	/System/Library/PrivateFrameworks/Backup.framework/Versions/A/Backup
0x000000002b7ba000 	/usr/lib/libarchive.2.dylib
0x000000002b7ba000 	/System/Library/Frameworks/CFNetwork.framework/Versions/A/CFNetwork
0x000000002b7ba000 	/System/Library/Frameworks/SystemConfiguration.framework/Versions/A/SystemConfiguration
0x000000002b7ba000 	/usr/lib/libCRFSuite.dylib
0x000000002b7ba000 	/usr/lib/libc++.1.dylib
0x000000002b7ba000 	/usr/lib/libc++abi.dylib
0x000000002b7ba000 	/usr/lib/system/libcache.dylib
0x000000002b7ba000 	/usr/lib/system/libcommonCrypto.dylib
0x000000002b7ba000 	/usr/lib/system/libcompiler_rt.dylib
0x000000002b7ba000 	/usr/lib/system/libcopyfile.dylib
0x000000002b7ba000 	/usr/lib/system/libcorecrypto.dylib
0x000000002b7ba000 	/usr/lib/system/libdispatch.dylib
0x000000002b7ba000 	/usr/lib/system/libdyld.dylib
0x000000002b7ba000 	/usr/lib/system/libkeymgr.dylib
0x000000002b7ba000 	/usr/lib/system/liblaunch.dylib
0x000000002b7ba000 	/usr/lib/system/libmacho.dylib
0x000000002b7ba000 	/usr/lib/system/libquarantine.dylib
0x000000002b7ba000 	/usr/lib/system/libremovefile.dylib
0x000000002b7ba000 	/usr/lib/system/libsystem_asl.dylib
0x000000002b7ba000 	/usr/lib/system/libsystem_blocks.dylib
0x000000002b7ba000 	/usr/lib/system/libsystem_c.dylib
0x000000002b7ba000 	/usr/lib/system/libsystem_configuration.dylib
0x000000002b7ba000 	/usr/lib/system/libsystem_coreservices.dylib
0x000000002b7ba000 	/usr/lib/system/libsystem_darwin.dylib
0x000000002b7ba000 	/usr/lib/system/libsystem_dnssd.dylib
0x000000002b7ba000 	/usr/lib/system/libsystem_info.dylib
0x000000002b7ba000 	/usr/lib/system/libsystem_m.dylib
0x000000002b7ba000 	/usr/lib/system/libsystem_malloc.dylib
0x000000002b7ba000 	/usr/lib/system/libsystem_network.dylib
0x000000002b7ba000 	/usr/lib/system/libsystem_networkextension.dylib
0x000000002b7ba000 	/usr/lib/system/libsystem_notify.dylib
0x000000002b7ba000 	/usr/lib/system/libsystem_sandbox.dylib
0x000000002b7ba000 	/usr/lib/system/libsystem_secinit.dylib
0x000000002b7ba000 	/usr/lib/system/libsystem_kernel.dylib
0x000000002b7ba000 	/usr/lib/system/libsystem_platform.dylib
0x000000002b7ba000 	/usr/lib/system/libsystem_pthread.dylib
0x000000002b7ba000 	/usr/lib/system/libsystem_symptoms.dylib
0x000000002b7ba000 	/usr/lib/system/libsystem_trace.dylib
0x000000002b7ba000 	/usr/lib/system/libunwind.dylib
0x000000002b7ba000 	/usr/lib/system/libxpc.dylib
0x000000002b7ba000 	/usr/lib/closure/libclosured.dylib
0x000000002b7ba000 	/usr/lib/libbsm.0.dylib
0x000000002b7ba000 	/usr/lib/system/libkxld.dylib
0x000000002b7ba000 	/usr/lib/libOpenScriptingUtil.dylib
0x000000002b7ba000 	/usr/lib/libcoretls.dylib
0x000000002b7ba000 	/usr/lib/libcoretls_cfhelpers.dylib
0x000000002b7ba000 	/usr/lib/libpam.2.dylib
0x000000002b7ba000 	/usr/lib/libsqlite3.dylib
0x000000002b7ba000 	/usr/lib/libxar.1.dylib
0x000000002b7ba000 	/usr/lib/libbz2.1.0.dylib
0x000000002b7ba000 	/usr/lib/liblzma.5.dylib
0x000000002b7ba000 	/usr/lib/libnetwork.dylib
0x000000002b7ba000 	/usr/lib/libapple_nghttp2.dylib
0x000000002b7ba000 	/usr/lib/libpcap.A.dylib
0x000000002b7ba000 	/usr/lib/libboringssl.dylib
0x000000002b7ba000 	/usr/lib/libusrtcp.dylib
0x000000002b7ba000 	/usr/lib/libapple_crypto.dylib
0x000000002b7ba000 	/System/Library/Frameworks/CoreServices.framework/Versions/A/Frameworks/FSEvents.framework/Versions/A/FSEvents
0x000000002b7ba000 	/System/Library/Frameworks/CoreServices.framework/Versions/A/Frameworks/CarbonCore.framework/Versions/A/CarbonCore
0x000000002b7ba000 	/System/Library/Frameworks/CoreServices.framework/Versions/A/Frameworks/Metadata.framework/Versions/A/Metadata
0x000000002b7ba000 	/System/Library/Frameworks/CoreServices.framework/Versions/A/Frameworks/OSServices.framework/Versions/A/OSServices
0x000000002b7ba000 	/System/Library/Frameworks/CoreServices.framework/Versions/A/Frameworks/SearchKit.framework/Versions/A/SearchKit
0x000000002b7ba000 	/System/Library/Frameworks/CoreServices.framework/Versions/A/Frameworks/AE.framework/Versions/A/AE
0x000000002b7ba000 	/System/Library/Frameworks/CoreServices.framework/Versions/A/Frameworks/LaunchServices.framework/Versions/A/LaunchServices
0x000000002b7ba000 	/System/Library/Frameworks/CoreServices.framework/Versions/A/Frameworks/DictionaryServices.framework/Versions/A/DictionaryServices
0x000000002b7ba000 	/System/Library/Frameworks/CoreServices.framework/Versions/A/Frameworks/SharedFileList.framework/Versions/A/SharedFileList
0x000000002b7ba000 	/System/Library/Frameworks/NetFS.framework/Versions/A/NetFS
0x000000002b7ba000 	/System/Library/PrivateFrameworks/NetAuth.framework/Versions/A/NetAuth
0x000000002b7ba000 	/System/Library/PrivateFrameworks/login.framework/Versions/A/Frameworks/loginsupport.framework/Versions/A/loginsupport
0x000000002b7ba000 	/System/Library/PrivateFrameworks/TCC.framework/Versions/A/TCC
0x000000002b7ba000 	/usr/lib/libmecabra.dylib
0x000000002b7ba000 	/System/Library/Frameworks/ApplicationServices.framework/Versions/A/Frameworks/ATS.framework/Versions/A/ATS
0x000000002b7ba000 	/System/Library/Frameworks/ApplicationServices.framework/Versions/A/Frameworks/ColorSyncLegacy.framework/Versions/A/ColorSyncLegacy
0x000000002b7ba000 	/System/Library/Frameworks/ApplicationServices.framework/Versions/A/Frameworks/HIServices.framework/Versions/A/HIServices
0x000000002b7ba000 	/System/Library/Frameworks/ApplicationServices.framework/Versions/A/Frameworks/LangAnalysis.framework/Versions/A/LangAnalysis
0x000000002b7ba000 	/System/Library/Frameworks/ApplicationServices.framework/Versions/A/Frameworks/PrintCore.framework/Versions/A/PrintCore
0x000000002b7ba000 	/System/Library/Frameworks/ApplicationServices.framework/Versions/A/Frameworks/QD.framework/Versions/A/QD
0x000000002b7ba000 	/System/Library/Frameworks/ApplicationServices.framework/Versions/A/Frameworks/SpeechSynthesis.framework/Versions/A/SpeechSynthesis
0x000000002b7ba000 	/System/Library/Frameworks/CoreDisplay.framework/Versions/A/CoreDisplay
0x000000002b7ba000 	/System/Library/Frameworks/Accelerate.framework/Versions/A/Frameworks/vImage.framework/Versions/A/vImage
0x000000002b7ba000 	/System/Library/Frameworks/Accelerate.framework/Versions/A/Frameworks/vecLib.framework/Versions/A/vecLib
0x000000002b7ba000 	/System/Library/Frameworks/Accelerate.framework/Versions/A/Frameworks/vecLib.framework/Versions/A/libvDSP.dylib
0x000000002b7ba000 	/System/Library/Frameworks/Accelerate.framework/Versions/A/Frameworks/vecLib.framework/Versions/A/libBNNS.dylib
0x000000002b7ba000 	/System/Library/Frameworks/Accelerate.framework/Versions/A/Frameworks/vecLib.framework/Versions/A/libQuadrature.dylib
0x000000002b7ba000 	/System/Library/Frameworks/Accelerate.framework/Versions/A/Frameworks/vecLib.framework/Versions/A/libvMisc.dylib
0x000000002b7ba000 	/System/Library/Frameworks/Accelerate.framework/Versions/A/Frameworks/vecLib.framework/Versions/A/libLAPACK.dylib
0x000000002b7ba000 	/System/Library/Frameworks/Accelerate.framework/Versions/A/Frameworks/vecLib.framework/Versions/A/libBLAS.dylib
0x000000002b7ba000 	/System/Library/Frameworks/Accelerate.framework/Versions/A/Frameworks/vecLib.framework/Versions/A/libLinearAlgebra.dylib
0x000000002b7ba000 	/System/Library/Frameworks/Accelerate.framework/Versions/A/Frameworks/vecLib.framework/Versions/A/libSparse.dylib
0x000000002b7ba000 	/System/Library/Frameworks/Accelerate.framework/Versions/A/Frameworks/vecLib.framework/Versions/A/libSparseBLAS.dylib
0x000000002b7ba000 	/System/Library/PrivateFrameworks/IOAccelerator.framework/Versions/A/IOAccelerator
0x000000002b7ba000 	/System/Library/PrivateFrameworks/IOPresentment.framework/Versions/A/IOPresentment
0x000000002b7ba000 	/System/Library/PrivateFrameworks/DSExternalDisplay.framework/Versions/A/DSExternalDisplay
0x000000002b7ba000 	/System/Library/Frameworks/OpenGL.framework/Versions/A/Libraries/libCoreFSCache.dylib
0x000000002b7ba000 	/System/Library/Frameworks/CoreVideo.framework/Versions/A/CoreVideo
0x000000002b7ba000 	/System/Library/PrivateFrameworks/GraphVisualizer.framework/Versions/A/GraphVisualizer
0x000000002b7ba000 	/System/Library/Frameworks/MetalPerformanceShaders.framework/Versions/A/MetalPerformanceShaders
0x000000002b7ba000 	/usr/lib/libFosl_dynamic.dylib
0x000000002b7ba000 	/System/Library/PrivateFrameworks/FaceCore.framework/Versions/A/FaceCore
0x000000002b7ba000 	/System/Library/Frameworks/OpenCL.framework/Versions/A/OpenCL
0x000000002b7ba000 	/usr/lib/libcompression.dylib
0x000000002b7ba000 	/System/Library/Frameworks/ApplicationServices.framework/Versions/A/Frameworks/ATS.framework/Versions/A/Resources/libFontParser.dylib
0x000000002b7ba000 	/System/Library/Frameworks/ApplicationServices.framework/Versions/A/Frameworks/ATS.framework/Versions/A/Resources/libFontRegistry.dylib
0x000000002b7ba000 	/System/Library/Frameworks/ImageIO.framework/Versions/A/Resources/libJPEG.dylib
0x000000002b7ba000 	/System/Library/Frameworks/ImageIO.framework/Versions/A/Resources/libTIFF.dylib
0x000000002b7ba000 	/System/Library/Frameworks/ImageIO.framework/Versions/A/Resources/libPng.dylib
0x000000002b7ba000 	/System/Library/Frameworks/ImageIO.framework/Versions/A/Resources/libGIF.dylib
0x000000002b7ba000 	/System/Library/Frameworks/ImageIO.framework/Versions/A/Resources/libJP2.dylib
0x000000002b7ba000 	/System/Library/Frameworks/ImageIO.framework/Versions/A/Resources/libRadiance.dylib
0x000000002b7ba000 	/System/Library/PrivateFrameworks/AppleJPEG.framework/Versions/A/AppleJPEG
0x000000002b7ba000 	/System/Library/PrivateFrameworks/MetalTools.framework/Versions/A/MetalTools
0x000000002b7ba000 	/System/Library/Frameworks/MetalPerformanceShaders.framework/Frameworks/MPSCore.framework/Versions/A/MPSCore
0x000000002b7ba000 	/System/Library/Frameworks/MetalPerformanceShaders.framework/Frameworks/MPSImage.framework/Versions/A/MPSImage
0x000000002b7ba000 	/System/Library/Frameworks/MetalPerformanceShaders.framework/Frameworks/MPSMatrix.framework/Versions/A/MPSMatrix
0x000000002b7ba000 	/System/Library/Frameworks/MetalPerformanceShaders.framework/Frameworks/MPSNeuralNetwork.framework/Versions/A/MPSNeuralNetwork
0x000000002b7ba000 	/System/Library/Frameworks/OpenGL.framework/Versions/A/Libraries/libGLU.dylib
0x000000002b7ba000 	/System/Library/Frameworks/OpenGL.framework/Versions/A/Libraries/libGFXShared.dylib
0x000000002b7ba000 	/System/Library/Frameworks/OpenGL.framework/Versions/A/Libraries/libGL.dylib
0x000000002b7ba000 	/System/Library/Frameworks/OpenGL.framework/Versions/A/Libraries/libGLImage.dylib
0x000000002b7ba000 	/System/Library/Frameworks/OpenGL.framework/Versions/A/Libraries/libCVMSPluginSupport.dylib
0x000000002b7ba000 	/System/Library/Frameworks/OpenGL.framework/Versions/A/Libraries/libCoreVMClient.dylib
0x000000002b7ba000 	/usr/lib/libcups.2.dylib
0x000000002b7ba000 	/System/Library/Frameworks/Kerberos.framework/Versions/A/Kerberos
0x000000002b7ba000 	/System/Library/Frameworks/GSS.framework/Versions/A/GSS
0x000000002b7ba000 	/usr/lib/libresolv.9.dylib
0x000000002b7ba000 	/usr/lib/libiconv.2.dylib
0x000000002b7ba000 	/System/Library/PrivateFrameworks/Heimdal.framework/Versions/A/Heimdal
0x000000002b7ba000 	/usr/lib/libheimdal-asn1.dylib
0x000000002b7ba000 	/System/Library/Frameworks/OpenDirectory.framework/Versions/A/OpenDirectory
0x000000002b7ba000 	/System/Library/PrivateFrameworks/CommonAuth.framework/Versions/A/CommonAuth
0x000000002b7ba000 	/System/Library/Frameworks/OpenDirectory.framework/Versions/A/Frameworks/CFOpenDirectory.framework/Versions/A/CFOpenDirectory
0x000000002b7ba000 	/System/Library/Frameworks/SecurityFoundation.framework/Versions/A/SecurityFoundation
0x000000002b7ba000 	/System/Library/PrivateFrameworks/APFS.framework/Versions/A/APFS
0x000000002b7ba000 	/usr/lib/libutil.dylib
0x000000002b7ba000 	/System/Library/PrivateFrameworks/AppleSauce.framework/Versions/A/AppleSauce
0x000000002b7ba000 	/System/Library/PrivateFrameworks/LinguisticData.framework/Versions/A/LinguisticData
0x000000002b7ba000 	/usr/lib/libmarisa.dylib
0x000000002b7ba000 	/System/Library/PrivateFrameworks/Lexicon.framework/Versions/A/Lexicon
0x000000002b7ba000 	/usr/lib/libChineseTokenizer.dylib
0x000000002b7ba000 	/usr/lib/libcmph.dylib
0x000000002b7ba000 	/System/Library/PrivateFrameworks/LanguageModeling.framework/Versions/A/LanguageModeling
0x000000002b7ba000 	/System/Library/PrivateFrameworks/CoreEmoji.framework/Versions/A/CoreEmoji
0x000000002b7ba000 	/System/Library/Frameworks/ServiceManagement.framework/Versions/A/ServiceManagement
0x000000002b7ba000 	/System/Library/PrivateFrameworks/BackgroundTaskManagement.framework/Versions/A/BackgroundTaskManagement
0x000000002b7ba000 	/usr/lib/libxslt.1.dylib
0x000000002b7ba000 	/System/Library/Frameworks/Carbon.framework/Versions/A/Frameworks/Ink.framework/Versions/A/Ink
0x000000002b7ba000 	/System/Library/PrivateFrameworks/TextureIO.framework/Versions/A/TextureIO
0x000000002b7ba000 	/usr/lib/libate.dylib
0x000000002b7ba000 	/System/Library/PrivateFrameworks/CrashReporterSupport.framework/Versions/A/CrashReporterSupport
0x000000002b7ba000 	/System/Library/PrivateFrameworks/Sharing.framework/Versions/A/Sharing
0x000000002b7ba000 	/System/Library/PrivateFrameworks/IconServices.framework/Versions/A/IconServices
0x000000002b7ba000 	/System/Library/PrivateFrameworks/ProtocolBuffer.framework/Versions/A/ProtocolBuffer
0x000000002b7ba000 	/System/Library/PrivateFrameworks/Apple80211.framework/Versions/A/Apple80211
0x000000002b7ba000 	/System/Library/Frameworks/CoreWLAN.framework/Versions/A/CoreWLAN
0x000000002b7ba000 	/System/Library/PrivateFrameworks/CoreUtils.framework/Versions/A/CoreUtils
0x000000002b7ba000 	/System/Library/Frameworks/IOBluetooth.framework/Versions/A/IOBluetooth
0x000000002b7ba000 	/System/Library/PrivateFrameworks/CoreWiFi.framework/Versions/A/CoreWiFi
0x000000002b7ba000 	/System/Library/Frameworks/CoreBluetooth.framework/Versions/A/CoreBluetooth
0x000000002b7ba000 	/System/Library/PrivateFrameworks/SignpostNotification.framework/Versions/A/SignpostNotification
0x000000002b7ba000 	/System/Library/PrivateFrameworks/DebugSymbols.framework/Versions/A/DebugSymbols
0x000000002b7ba000 	/System/Library/PrivateFrameworks/CoreSymbolication.framework/Versions/A/CoreSymbolication
0x000000002b7ba000 	/System/Library/PrivateFrameworks/Symbolication.framework/Versions/A/Symbolication
0x000000002b7ba000 	/System/Library/PrivateFrameworks/AppleFSCompression.framework/Versions/A/AppleFSCompression
0x000000002b7ba000 	/System/Library/PrivateFrameworks/SpeechRecognitionCore.framework/Versions/A/SpeechRecognitionCore
0x000000002b7ba000 	/System/Library/CoreServices/Encodings/libSimplifiedChineseConverter.dylib
0x0000000100e00000 	/Library/Java/JavaVirtualMachines/jdk1.8.0_101.jdk/Contents/Home/jre/lib/server/libjvm.dylib
0x000000002b7ba000 	/usr/lib/libstdc++.6.0.9.dylib
0x00000001005d7000 	/Library/Java/JavaVirtualMachines/jdk1.8.0_101.jdk/Contents/Home/jre/lib/libverify.dylib
0x0000000101d9d000 	/Library/Java/JavaVirtualMachines/jdk1.8.0_101.jdk/Contents/Home/jre/lib/libjava.dylib
0x0000000101dd2000 	/Library/Java/JavaVirtualMachines/jdk1.8.0_101.jdk/Contents/Home/jre/lib/libjdwp.dylib
0x00000001005e6000 	/Library/Java/JavaVirtualMachines/jdk1.8.0_101.jdk/Contents/Home/jre/lib/libnpt.dylib
0x00000001005f3000 	/Library/Java/JavaVirtualMachines/jdk1.8.0_101.jdk/Contents/Home/jre/lib/libzip.dylib
0x000000002b7ba000 	/System/Library/Frameworks/JavaVM.framework/Versions/A/Frameworks/JavaRuntimeSupport.framework/Versions/A/JavaRuntimeSupport
0x000000002b7ba000 	/System/Library/Frameworks/JavaVM.framework/Versions/A/Frameworks/JavaNativeFoundation.framework/Versions/A/JavaNativeFoundation
0x000000002b7ba000 	/System/Library/Frameworks/JavaVM.framework/Versions/A/JavaVM
0x000000002b7ba000 	/System/Library/Frameworks/Carbon.framework/Versions/A/Carbon
0x000000002b7ba000 	/System/Library/PrivateFrameworks/JavaLaunching.framework/Versions/A/JavaLaunching
0x000000002b7ba000 	/System/Library/Frameworks/Carbon.framework/Versions/A/Frameworks/CommonPanels.framework/Versions/A/CommonPanels
0x000000002b7ba000 	/System/Library/Frameworks/Carbon.framework/Versions/A/Frameworks/Help.framework/Versions/A/Help
0x000000002b7ba000 	/System/Library/Frameworks/Carbon.framework/Versions/A/Frameworks/ImageCapture.framework/Versions/A/ImageCapture
0x000000002b7ba000 	/System/Library/Frameworks/Carbon.framework/Versions/A/Frameworks/OpenScripting.framework/Versions/A/OpenScripting
0x000000002b7ba000 	/System/Library/Frameworks/Carbon.framework/Versions/A/Frameworks/Print.framework/Versions/A/Print
0x000000002b7ba000 	/System/Library/Frameworks/Carbon.framework/Versions/A/Frameworks/SecurityHI.framework/Versions/A/SecurityHI
0x00000001047c8000 	/Library/Java/JavaVirtualMachines/jdk1.8.0_101.jdk/Contents/Home/jre/lib/libdt_socket.dylib

VM Arguments:
jvm_args: -agentlib:jdwp=transport=dt_socket,address=127.0.0.1:64638,suspend=y,server=n -ea -Didea.test.cyclic.buffer.size=1048576 -Dfile.encoding=UTF-8 
java_command: com.intellij.rt.execution.junit.JUnitStarter -ideVersion5 grammar.thread.ThreadPlaygroundTest,testPool
java_class_path (initial): /Users/tianlei/Library/Application Support/JetBrains/Toolbox/apps/IDEA-U/ch-0/171.3780.107/IntelliJ IDEA.app/Contents/lib/idea_rt.jar:/Users/tianlei/Library/Application Support/JetBrains/Toolbox/apps/IDEA-U/ch-0/171.3780.107/IntelliJ IDEA.app/Contents/plugins/junit/lib/junit-rt.jar:/Library/Java/JavaVirtualMachines/jdk1.8.0_101.jdk/Contents/Home/jre/lib/charsets.jar:/Library/Java/JavaVirtualMachines/jdk1.8.0_101.jdk/Contents/Home/jre/lib/deploy.jar:/Library/Java/JavaVirtualMachines/jdk1.8.0_101.jdk/Contents/Home/jre/lib/ext/cldrdata.jar:/Library/Java/JavaVirtualMachines/jdk1.8.0_101.jdk/Contents/Home/jre/lib/ext/dnsns.jar:/Library/Java/JavaVirtualMachines/jdk1.8.0_101.jdk/Contents/Home/jre/lib/ext/jaccess.jar:/Library/Java/JavaVirtualMachines/jdk1.8.0_101.jdk/Contents/Home/jre/lib/ext/jfxrt.jar:/Library/Java/JavaVirtualMachines/jdk1.8.0_101.jdk/Contents/Home/jre/lib/ext/localedata.jar:/Library/Java/JavaVirtualMachines/jdk1.8.0_101.jdk/Contents/Home/jre/lib/ext/nashorn.jar:/Library/Java/JavaVirtualMachines/jdk1.8.0_101.jdk/Contents/Home/jre/lib/ext/sunec.jar:/Library/Java/JavaVirtualMachines/jdk1.8.0_101.jdk/Contents/Home/jre/lib/ext/sunjce_provider.jar:/Library/Java/JavaVirtualMachines/jdk1.8.0_101.jdk/Contents/Home/jre/lib/ext/sunpkcs11.jar:/Library/Java/JavaVirtualMachines/jdk1.8.0_101.jdk/Contents/Home/jre/lib/ext/zipfs.jar:/Library/Java/JavaVirtualMachines/jdk1.8.0_101.jdk/Contents/Home/jre/lib/javaws.jar:/Library/Java/JavaVirtualMachines/jdk1.8.0_101.jdk/Contents/Home/jre/lib/jce.jar:/Library/Java/JavaVirtualMachines/jdk1.8.0_101.jdk/Contents/Home/jre/lib/jfr.jar:/Library/Java/JavaVirtualMachines/jdk1.8.0_101.jdk/Contents/Home/jre/lib/jfxswt.jar:/Library/Java/JavaVirtualMachines/jdk1.8.0_101.jdk/Contents/Home/jre/lib/jsse.jar:/Library/Java/JavaVirtualMachines/jdk1.8.0_101.jdk/Contents/Home/jre/lib/management-agent.jar:/Library/Java/JavaVirtualMachines/jdk1.8.0_101.jdk/Contents/Home/jre/lib/plugin.jar:/Library/Java/JavaVirtualMachine
Launcher Type: SUN_STANDARD

Environment Variables:
JAVA_HOME=/Library/Java/JavaVirtualMachines/jdk1.8.0_101.jdk/Contents/Home
PATH=/usr/local/bin:/usr/bin:/bin:/usr/sbin:/sbin:/usr/local/go/bin:/Applications/Wireshark.app/Contents/MacOS:/Users/tianlei/myGolang/bin:/usr/local/bin:/usr/bin:/bin:/usr/sbin:/sbin:/usr/local/go/bin:/Applications/Wireshark.app/Contents/MacOS:/usr/local/Cellar/maven/3.5.0/usr/local/Cellar/maven/3.5.0/libexec/bin:/usr/local/Cellar/gradle/4.2.1/libexec/bin
SHELL=/bin/bash

Signal Handlers:
SIGSEGV: [libjvm.dylib+0x5af145], sa_mask[0]=11111111011111110111111111111111, sa_flags=SA_ONSTACK|SA_RESTART|SA_SIGINFO
SIGBUS: [libjvm.dylib+0x5af145], sa_mask[0]=11111111011111110111111111111111, sa_flags=SA_RESTART|SA_SIGINFO
SIGFPE: [libjvm.dylib+0x48694c], sa_mask[0]=11111111011111110111111111111111, sa_flags=SA_RESTART|SA_SIGINFO
SIGPIPE: [libjvm.dylib+0x48694c], sa_mask[0]=11111111011111110111111111111111, sa_flags=SA_RESTART|SA_SIGINFO
SIGXFSZ: [libjvm.dylib+0x48694c], sa_mask[0]=11111111011111110111111111111111, sa_flags=SA_RESTART|SA_SIGINFO
SIGILL: [libjvm.dylib+0x48694c], sa_mask[0]=11111111011111110111111111111111, sa_flags=SA_RESTART|SA_SIGINFO
SIGUSR1: SIG_DFL, sa_mask[0]=00000000000000000000000000000000, sa_flags=none
SIGUSR2: [libjvm.dylib+0x48646a], sa_mask[0]=00100000000000000000000000000000, sa_flags=SA_RESTART|SA_SIGINFO
SIGHUP: [libjvm.dylib+0x484a41], sa_mask[0]=11111111011111110111111111111111, sa_flags=SA_RESTART|SA_SIGINFO
SIGINT: [libjvm.dylib+0x484a41], sa_mask[0]=11111111011111110111111111111111, sa_flags=SA_RESTART|SA_SIGINFO
SIGTERM: [libjvm.dylib+0x484a41], sa_mask[0]=11111111011111110111111111111111, sa_flags=SA_RESTART|SA_SIGINFO
SIGQUIT: [libjvm.dylib+0x484a41], sa_mask[0]=11111111011111110111111111111111, sa_flags=SA_RESTART|SA_SIGINFO


---------------  S Y S T E M  ---------------

OS:Bsduname:Darwin 17.0.0 Darwin Kernel Version 17.0.0: Thu Aug 24 21:48:19 PDT 2017; root:xnu-4570.1.46~2/RELEASE_X86_64 x86_64
rlimit: STACK 8192k, CORE 0k, NPROC 709, NOFILE 10240, AS infinity
load average:3.28 3.33 2.74

CPU:total 4 (2 cores per cpu, 2 threads per core) family 6 model 61 stepping 4, cmov, cx8, fxsr, mmx, sse, sse2, sse3, ssse3, sse4.1, sse4.2, popcnt, avx, avx2, aes, clmul, erms, 3dnowpref, lzcnt, ht, tsc, tscinvbit, bmi1, bmi2, adx

Memory: 4k page, physical 8388608k(168996k free)

/proc/meminfo:


vm_info: Java HotSpot(TM) 64-Bit Server VM (25.101-b13) for bsd-amd64 JRE (1.8.0_101-b13), built on Jun 22 2016 02:42:15 by "java_re" with gcc 4.2.1 (Based on Apple Inc. build 5658) (LLVM build 2336.11.00)

time: Mon Oct 30 10:54:13 2017
elapsed time: 240 seconds (0d 0h 4m 0s)

